d:\demo\qtcontrolcs\qtcontroller\debug\moc_qtcontroller.obj
d:\demo\qtcontrolcs\qtcontroller\debug\qrc_qtcontroller.obj
d:\demo\qtcontrolcs\qtcontroller\debug\main.obj
d:\demo\qtcontrolcs\qtcontroller\debug\qtcontroller.obj
d:\demo\qtcontrolcs\qtcontroller\debug\vc142.pdb
d:\demo\qtcontrolcs\debug\qtcontroller.ilk
d:\demo\qtcontrolcs\debug\qtcontroller.exe
d:\demo\qtcontrolcs\debug\qtcontroller.pdb
d:\demo\qtcontrolcs\qtcontroller\debug\moc\moc_qtcontroller.cpp
d:\demo\qtcontrolcs\qtcontroller\debug\uic\ui_qtcontroller.h
d:\demo\qtcontrolcs\qtcontroller\debug\rcc\qrc_qtcontroller.cpp
d:\demo\qtcontrolcs\qtcontroller\debug\qtcontroller.tlog\cl.15528.write.1.tlog
d:\demo\qtcontrolcs\qtcontroller\debug\qtcontroller.tlog\cl.command.1.tlog
d:\demo\qtcontrolcs\qtcontroller\debug\qtcontroller.tlog\cl.read.1.tlog
d:\demo\qtcontrolcs\qtcontroller\debug\qtcontroller.tlog\link.command.1.tlog
d:\demo\qtcontrolcs\qtcontroller\debug\qtcontroller.tlog\link.read.1.tlog
d:\demo\qtcontrolcs\qtcontroller\debug\qtcontroller.tlog\link.write.1.tlog
d:\demo\qtcontrolcs\qtcontroller\debug\qtcontroller.tlog\moc.read.1u.tlog
d:\demo\qtcontrolcs\qtcontroller\debug\qtcontroller.tlog\moc.write.1u.tlog
d:\demo\qtcontrolcs\qtcontroller\debug\qtcontroller.tlog\qtcontroller.write.1u.tlog
d:\demo\qtcontrolcs\qtcontroller\debug\qtcontroller.tlog\rcc.read.1u.tlog
d:\demo\qtcontrolcs\qtcontroller\debug\qtcontroller.tlog\rcc.write.1u.tlog
d:\demo\qtcontrolcs\qtcontroller\debug\qtcontroller.tlog\uic.read.1u.tlog
d:\demo\qtcontrolcs\qtcontroller\debug\qtcontroller.tlog\uic.write.1u.tlog
